<?xml version="1.0" encoding="UTF-8"?>
<!-- Generated by org.testng.reporters.JUnitXMLReporter -->
<testsuite ignored="2" hostname="LAPTOP-EK9JUR7J" failures="0" tests="1" name="Default test" time="9.489" errors="0" timestamp="05 Jun 2020 10:27:15 GMT">
  <testcase classname="Uploadfile.uploadfile" name="gettext" time="4.955"/>
  <testcase classname="Uploadfile.uploadfile" name="Pagetitle" time="0.0">
    <ignored/>
  </testcase> <!-- Pagetitle -->
  <testcase classname="Uploadfile.uploadfile" name="f" time="0.0">
    <ignored/>
  </testcase> <!-- f -->
</testsuite> <!-- Default test -->
