<?xml version="1.0" encoding="UTF-8"?>
<!-- Generated by org.testng.reporters.JUnitXMLReporter -->
<testsuite ignored="0" hostname="LAPTOP-EK9JUR7J" failures="0" tests="1" name="openurl in two browsers" time="0.082" errors="0" timestamp="03 Jun 2020 05:19:34 GMT">
  <testcase classname="testUtility.CrossBrowsing" name="@BeforeClass setup" time="0.0">
    <failure type="org.testng.TestNGException" message="
Parameter &amp;apos;browser&amp;apos; is required by BeforeClass on method setup but has not been marked @Optional or defined
in C:\Users\91996\eclipse-workspace\BestBuyTestNG\testng.xml">
      <![CDATA[org.testng.TestNGException: 
Parameter 'browser' is required by BeforeClass on method setup but has not been marked @Optional or defined
in C:\Users\91996\eclipse-workspace\BestBuyTestNG\testng.xml
... Removed 23 stack frames]]>
    </failure>
  </testcase> <!-- @BeforeClass setup -->
  <testcase classname="mainTest.Multibrowsers" name="@AfterClass teardown" time="0.0">
    <skipped/>
  </testcase> <!-- @AfterClass teardown -->
  <testcase classname="mainTest.Multibrowsers" name="openurl" time="0.0">
    <skipped/>
  </testcase> <!-- openurl -->
</testsuite> <!-- openurl in two browsers -->
