<?xml version="1.0" encoding="UTF-8"?>
<testng-results ignored="2" total="3" passed="1" failed="0" skipped="0">
  <reporter-output>
  </reporter-output>
  <suite started-at="2020-06-05T10:27:05Z" name="Default suite" finished-at="2020-06-05T10:27:15Z" duration-ms="9489">
    <groups>
    </groups>
    <test started-at="2020-06-05T10:27:05Z" name="Default test" finished-at="2020-06-05T10:27:15Z" duration-ms="9489">
      <class name="Uploadfile.uploadfile">
        <test-method is-config="true" signature="beforeMethod()[pri:0, instance:Uploadfile.uploadfile@5906ebcb]" started-at="2020-06-05T10:27:05Z" name="beforeMethod" finished-at="2020-06-05T10:27:09Z" duration-ms="4334" status="PASS">
          <reporter-output>
          </reporter-output>
        </test-method> <!-- beforeMethod -->
        <test-method signature="gettext()[pri:0, instance:Uploadfile.uploadfile@5906ebcb]" started-at="2020-06-05T10:27:09Z" name="gettext" finished-at="2020-06-05T10:27:14Z" duration-ms="4955" status="PASS">
          <reporter-output>
          </reporter-output>
        </test-method> <!-- gettext -->
        <test-method is-config="true" signature="teardown()[pri:0, instance:Uploadfile.uploadfile@5906ebcb]" started-at="2020-06-05T10:27:14Z" name="teardown" finished-at="2020-06-05T10:27:15Z" duration-ms="164" status="PASS">
          <reporter-output>
          </reporter-output>
        </test-method> <!-- teardown -->
      </class> <!-- Uploadfile.uploadfile -->
    </test> <!-- Default test -->
  </suite> <!-- Default suite -->
</testng-results>
